<?xml version="1.0" encoding="UTF-8"?>
<!-- Generated by org.testng.reporters.JUnitReportReporter -->
<testsuite hostname="Arun" failures="0" tests="1" name="DemoTest" time="11.398" errors="0" timestamp="2023-11-09T10:40:11 IST" skipped="0">
  <testcase classname="DemoTest" name="startTest" time="11.398"/>
  <system-out/>
</testsuite> <!-- DemoTest -->
